This is pdfTeXk, Version 3.141592-1.40.3 (Web2C 7.5.6) (format=latex 2008.3.11)  27 JUL 2009 17:34
entering extended mode
 %&-line parsing enabled.
**plotspectrum
(./plotspectrum.tex
LaTeX2e <2005/12/01>
Babel <v3.8h> and hyphenation patterns for english, usenglishmax, dumylang, noh
yphenation, arabic, basque, bulgarian, coptic, welsh, czech, slovak, german, ng
erman, danish, esperanto, spanish, catalan, galician, estonian, farsi, finnish,
 french, greek, monogreek, ancientgreek, croatian, hungarian, interlingua, ibyc
us, indonesian, icelandic, italian, latin, mongolian, dutch, norsk, polish, por
tuguese, pinyin, romanian, russian, slovenian, uppersorbian, serbian, swedish, 
turkish, ukenglish, ukrainian, loaded.
(/usr/local/texlive/2007/texmf-dist/tex/latex/base/article.cls
Document Class: article 2005/09/16 v1.4f Standard LaTeX document class
(/usr/local/texlive/2007/texmf-dist/tex/latex/base/size12.clo
File: size12.clo 2005/09/16 v1.4f Standard LaTeX file (size option)
)
\c@part=\count79
\c@section=\count80
\c@subsection=\count81
\c@subsubsection=\count82
\c@paragraph=\count83
\c@subparagraph=\count84
\c@figure=\count85
\c@table=\count86
\abovecaptionskip=\skip41
\belowcaptionskip=\skip42
\bibindent=\dimen102
)
(/usr/local/texlive/2007/texmf-dist/tex/latex/graphics/graphicx.sty
Package: graphicx 1999/02/16 v1.0f Enhanced LaTeX Graphics (DPC,SPQR)

(/usr/local/texlive/2007/texmf-dist/tex/latex/graphics/keyval.sty
Package: keyval 1999/03/16 v1.13 key=value parser (DPC)
\KV@toks@=\toks14
)
(/usr/local/texlive/2007/texmf-dist/tex/latex/graphics/graphics.sty
Package: graphics 2006/02/20 v1.0o Standard LaTeX Graphics (DPC,SPQR)

(/usr/local/texlive/2007/texmf-dist/tex/latex/graphics/trig.sty
Package: trig 1999/03/16 v1.09 sin cos tan (DPC)
)
(/usr/local/texlive/2007/texmf/tex/latex/config/graphics.cfg
File: graphics.cfg 2007/01/18 v1.5 graphics configuration of teTeX/TeXLive
)
Package graphics Info: Driver file: dvips.def on input line 90.

(/usr/local/texlive/2007/texmf-dist/tex/latex/graphics/dvips.def
File: dvips.def 1999/02/16 v3.0i Driver-dependant file (DPC,SPQR)
))
\Gin@req@height=\dimen103
\Gin@req@width=\dimen104
)
(/usr/local/texlive/2007/texmf-dist/tex/latex/natbib/natbib.sty
Package: natbib 2007/02/05 8.0 (PWD)
\bibhang=\skip43
\bibsep=\skip44
LaTeX Info: Redefining \cite on input line 602.
\c@NAT@ctr=\count87
)
(/usr/local/texlive/2007/texmf-dist/tex/latex/geometry/geometry.sty
Package: geometry 2002/07/08 v3.2 Page Geometry
\Gm@cnth=\count88
\Gm@cntv=\count89
\c@Gm@tempcnt=\count90
\Gm@bindingoffset=\dimen105
\Gm@wd@mp=\dimen106
\Gm@odd@mp=\dimen107
\Gm@even@mp=\dimen108
\Gm@dimlist=\toks15

(/usr/local/texlive/2007/texmf-dist/tex/xelatex/xetexconfig/geometry.cfg))
(./plotspectrum.aux)
\openout1 = `plotspectrum.aux'.

LaTeX Font Info:    Checking defaults for OML/cmm/m/it on input line 45.
LaTeX Font Info:    ... okay on input line 45.
LaTeX Font Info:    Checking defaults for T1/cmr/m/n on input line 45.
LaTeX Font Info:    ... okay on input line 45.
LaTeX Font Info:    Checking defaults for OT1/cmr/m/n on input line 45.
LaTeX Font Info:    ... okay on input line 45.
LaTeX Font Info:    Checking defaults for OMS/cmsy/m/n on input line 45.
LaTeX Font Info:    ... okay on input line 45.
LaTeX Font Info:    Checking defaults for OMX/cmex/m/n on input line 45.
LaTeX Font Info:    ... okay on input line 45.
LaTeX Font Info:    Checking defaults for U/cmr/m/n on input line 45.
LaTeX Font Info:    ... okay on input line 45.
-------------------- Geometry parameters
paper: a4paper
landscape: --
twocolumn: --
twoside: --
asymmetric: --
h-parts: 71.13188pt, 455.24411pt, 71.13188pt
v-parts: 71.13188pt, 702.78308pt, 71.13188pt
hmarginratio: --
vmarginratio: --
lines: --
heightrounded: --
bindingoffset: 0.0pt
truedimen: --
includehead: --
includefoot: --
includemp: --
driver: 
-------------------- Page layout dimensions and switches
\paperwidth  597.50787pt
\paperheight 845.04684pt
\textwidth  455.24411pt
\textheight 702.78308pt
\oddsidemargin  -1.1381pt
\evensidemargin -1.1381pt
\topmargin  -38.1381pt
\headheight 12.0pt
\headsep    25.0pt
\footskip   30.0pt
\marginparwidth 35.0pt
\marginparsep   10.0pt
\columnsep  10.0pt
\skip\footins  10.8pt plus 4.0pt minus 2.0pt
\hoffset 0.0pt
\voffset 0.0pt
\mag 1000

(1in=72.27pt, 1cm=28.45pt)
-----------------------
LaTeX Font Info:    External font `cmex10' loaded for size
(Font)              <14.4> on input line 46.
LaTeX Font Info:    External font `cmex10' loaded for size
(Font)              <7> on input line 46.
 (./plotspectrum.toc
LaTeX Font Info:    External font `cmex10' loaded for size
(Font)              <12> on input line 10.
LaTeX Font Info:    External font `cmex10' loaded for size
(Font)              <8> on input line 10.
LaTeX Font Info:    External font `cmex10' loaded for size
(Font)              <6> on input line 10.
)
\tf@toc=\write3
\openout3 = `plotspectrum.toc'.

LaTeX Font Info:    Try loading font information for OMS+cmr on input line 59.

(/usr/local/texlive/2007/texmf-dist/tex/latex/base/omscmr.fd
File: omscmr.fd 1999/05/25 v2.5h Standard LaTeX font definitions
)
LaTeX Font Info:    Font shape `OMS/cmr/m/n' in size <12> not available
(Font)              Font shape `OMS/cmsy/m/n' tried instead on input line 59.

Underfull \hbox (badness 10000) in paragraph at lines 58--63

 []

[1

] [2] [3] [4] [5]
File: plot01.ps Graphic file (type eps)
 <plot01.ps>
File: plot02.ps Graphic file (type eps)
 <plot02.ps>
File: plot03.ps Graphic file (type eps)
 <plot03.ps>
File: plot04.ps Graphic file (type eps)
 <plot04.ps>
File: plot05.ps Graphic file (type eps)

<plot05.ps>
Overfull \hbox (26.40613pt too wide) in paragraph at lines 196--196
[]\OT1/cmtt/m/n/12 plotspectrum 1rhd.exp.cd 4gcr.exp.cd 2cga.exp.cd -t "CD Spec
tra of Proteins" \[] 
 []


Overfull \hbox (1.70612pt too wide) in paragraph at lines 196--196
[]             \OT1/cmtt/m/n/12 -k "helical proteins" "beta sheet proteins" "PP
II proteins" \[] 
 []


Overfull \hbox (26.40613pt too wide) in paragraph at lines 196--196
[]             \OT1/cmtt/m/n/12 -x 180 250 -y -18000 24000 -xlabel Wavelength -
ylabel Intensity \[] 
 []

[6] [7] [8]
Overfull \hbox (7.88112pt too wide) in paragraph at lines 310--310
[]    \OT1/cmtt/m/n/12 -kspacing   define the spacing of the samples in the key
 (default 1.25)[] 
 []

[9]
Overfull \hbox (1.70612pt too wide) in paragraph at lines 362--362
[]                \OT1/cmtt/m/n/12 per x-value automatically if linespoints are
 used and sets[] 
 []

[10]
Overfull \hbox (7.88112pt too wide) in paragraph at lines 403--403
[]\OT1/cmtt/m/n/12 plotspectrum file1 file2 file3 unimp1 unimp2 unimp3 -ls 1 2 
3 4* -lw 8 4* \[] 
 []

[11] [12]
LaTeX Font Info:    External font `cmex10' loaded for size
(Font)              <17.28> on input line 465.
 [13] [14] (./plotspectrum.bbl [15]) [16] (./plotspectrum.aux) ) 
Here is how much of TeX's memory you used:
 1179 strings out of 94074
 15297 string characters out of 1163007
 71302 words of memory out of 1500000
 4493 multiletter control sequences out of 10000+50000
 9932 words of font info for 35 fonts, out of 1200000 for 2000
 645 hyphenation exceptions out of 8191
 25i,7n,32p,1100b,263s stack positions out of 5000i,500n,6000p,200000b,5000s

Output written on plotspectrum.dvi (16 pages, 42128 bytes).
